<?xml version="1.0" encoding="UTF-8"?>
<coverage generated="1633484467">
  <project timestamp="1633484467">
    <file name="C:\xampp-7.4\htdocs\edfa3ly\simple-invoicing-app\core\Sale\Controllers\API\V1\InvoiceController.php">
      <class name="Core\Sale\Controllers\API\V1\InvoiceController" namespace="global">
        <metrics complexity="2" methods="2" coveredmethods="2" conditionals="0" coveredconditionals="0" statements="8" coveredstatements="8" elements="10" coveredelements="10"/>
      </class>
      <line num="17" type="method" name="__construct" visibility="public" complexity="1" crap="1" count="4"/>
      <line num="19" type="stmt" count="4"/>
      <line num="20" type="stmt" count="4"/>
      <line num="21" type="stmt" count="4"/>
      <line num="28" type="method" name="invoice" visibility="public" complexity="1" crap="1" count="3"/>
      <line num="30" type="stmt" count="3"/>
      <line num="31" type="stmt" count="3"/>
      <line num="32" type="stmt" count="3"/>
      <line num="33" type="stmt" count="3"/>
      <line num="34" type="stmt" count="3"/>
      <metrics loc="37" ncloc="25" classes="1" methods="2" coveredmethods="2" conditionals="0" coveredconditionals="0" statements="8" coveredstatements="8" elements="10" coveredelements="10"/>
    </file>
    <file name="C:\xampp-7.4\htdocs\edfa3ly\simple-invoicing-app\core\Sale\Controllers\Web\InvoiceController.php">
      <class name="Core\Sale\Controllers\Web\InvoiceController" namespace="global">
        <metrics complexity="0" methods="0" coveredmethods="0" conditionals="0" coveredconditionals="0" statements="0" coveredstatements="0" elements="0" coveredelements="0"/>
      </class>
      <metrics loc="8" ncloc="8" classes="0" methods="0" coveredmethods="0" conditionals="0" coveredconditionals="0" statements="0" coveredstatements="0" elements="0" coveredelements="0"/>
    </file>
    <file name="C:\xampp-7.4\htdocs\edfa3ly\simple-invoicing-app\core\Sale\Interfaces\InvoiceInterface.php">
      <line num="8" type="stmt" count="1"/>
      <metrics loc="7" ncloc="7" classes="0" methods="0" coveredmethods="0" conditionals="0" coveredconditionals="0" statements="0" coveredstatements="0" elements="0" coveredelements="0"/>
    </file>
    <file name="C:\xampp-7.4\htdocs\edfa3ly\simple-invoicing-app\core\Sale\Logic\Calculate.php">
      <class name="Core\Sale\Logic\Calculate" namespace="global">
        <metrics complexity="3" methods="2" coveredmethods="2" conditionals="0" coveredconditionals="0" statements="5" coveredstatements="5" elements="7" coveredelements="7"/>
      </class>
      <line num="21" type="method" name="__construct" visibility="public" complexity="1" crap="1" count="3"/>
      <line num="23" type="stmt" count="3"/>
      <line num="24" type="stmt" count="3"/>
      <line num="31" type="method" name="apply" visibility="public" complexity="2" crap="2" count="3"/>
      <line num="33" type="stmt" count="3"/>
      <line num="34" type="stmt" count="3"/>
      <line num="37" type="stmt" count="2"/>
      <line num="39" type="stmt" count="1"/>
      <metrics loc="38" ncloc="23" classes="1" methods="2" coveredmethods="2" conditionals="0" coveredconditionals="0" statements="5" coveredstatements="5" elements="7" coveredelements="7"/>
    </file>
    <file name="C:\xampp-7.4\htdocs\edfa3ly\simple-invoicing-app\core\Sale\Logic\Handle.php">
      <class name="Core\Sale\Logic\Handle" namespace="global">
        <metrics complexity="4" methods="1" coveredmethods="0" conditionals="0" coveredconditionals="0" statements="8" coveredstatements="7" elements="9" coveredelements="7"/>
      </class>
      <line num="16" type="method" name="fire" visibility="public" complexity="4" crap="4.03" count="3"/>
      <line num="18" type="stmt" count="3"/>
      <line num="20" type="stmt" count="3"/>
      <line num="21" type="stmt" count="3"/>
      <line num="22" type="stmt" count="3"/>
      <line num="23" type="stmt" count="3"/>
      <line num="24" type="stmt" count="3"/>
      <line num="26" type="stmt" count="0"/>
      <line num="30" type="stmt" count="3"/>
      <line num="32" type="stmt" count="1"/>
      <metrics loc="31" ncloc="22" classes="1" methods="1" coveredmethods="0" conditionals="0" coveredconditionals="0" statements="8" coveredstatements="7" elements="9" coveredelements="7"/>
    </file>
    <file name="C:\xampp-7.4\htdocs\edfa3ly\simple-invoicing-app\core\Sale\Middleware\CheckProduct.php">
      <class name="Core\Sale\Middleware\CheckProduct" namespace="global">
        <metrics complexity="3" methods="1" coveredmethods="1" conditionals="0" coveredconditionals="0" statements="4" coveredstatements="4" elements="5" coveredelements="5"/>
      </class>
      <line num="19" type="method" name="handle" visibility="public" complexity="3" crap="3" count="4"/>
      <line num="21" type="stmt" count="4"/>
      <line num="22" type="stmt" count="4"/>
      <line num="23" type="stmt" count="1"/>
      <line num="27" type="stmt" count="3"/>
      <metrics loc="29" ncloc="22" classes="1" methods="1" coveredmethods="1" conditionals="0" coveredconditionals="0" statements="4" coveredstatements="4" elements="5" coveredelements="5"/>
    </file>
    <file name="C:\xampp-7.4\htdocs\edfa3ly\simple-invoicing-app\core\Sale\Models\Invoice.php">
      <class name="Core\Sale\Models\Invoice" namespace="global">
        <metrics complexity="26" methods="8" coveredmethods="8" conditionals="0" coveredconditionals="0" statements="62" coveredstatements="62" elements="70" coveredelements="70"/>
      </class>
      <line num="28" type="method" name="__construct" visibility="public" complexity="1" crap="1" count="4"/>
      <line num="30" type="stmt" count="4"/>
      <line num="31" type="stmt" count="4"/>
      <line num="32" type="stmt" count="4"/>
      <line num="33" type="stmt" count="4"/>
      <line num="34" type="stmt" count="4"/>
      <line num="36" type="stmt" count="4"/>
      <line num="44" type="method" name="create" visibility="public" complexity="2" crap="2" count="3"/>
      <line num="46" type="stmt" count="3"/>
      <line num="47" type="stmt" count="3"/>
      <line num="48" type="stmt" count="3"/>
      <line num="49" type="stmt" count="3"/>
      <line num="52" type="stmt" count="3"/>
      <line num="53" type="stmt" count="3"/>
      <line num="54" type="stmt" count="3"/>
      <line num="56" type="stmt" count="3"/>
      <line num="65" type="method" name="setSubtotal" visibility="protected" complexity="1" crap="1" count="3"/>
      <line num="67" type="stmt" count="3"/>
      <line num="68" type="stmt" count="3"/>
      <line num="76" type="method" name="setShipping" visibility="protected" complexity="2" crap="2" count="3"/>
      <line num="78" type="stmt" count="3"/>
      <line num="79" type="stmt" count="3"/>
      <line num="80" type="stmt" count="3"/>
      <line num="81" type="stmt" count="3"/>
      <line num="82" type="stmt" count="3"/>
      <line num="89" type="method" name="setTaxes" visibility="protected" complexity="2" crap="2" count="3"/>
      <line num="91" type="stmt" count="3"/>
      <line num="92" type="stmt" count="3"/>
      <line num="93" type="stmt" count="3"/>
      <line num="94" type="stmt" count="3"/>
      <line num="95" type="stmt" count="3"/>
      <line num="97" type="stmt" count="3"/>
      <line num="105" type="method" name="setOffers" visibility="protected" complexity="7" crap="7" count="3"/>
      <line num="107" type="stmt" count="3"/>
      <line num="109" type="stmt" count="3"/>
      <line num="110" type="stmt" count="3"/>
      <line num="111" type="stmt" count="3"/>
      <line num="112" type="stmt" count="3"/>
      <line num="113" type="stmt" count="3"/>
      <line num="114" type="stmt" count="3"/>
      <line num="115" type="stmt" count="3"/>
      <line num="117" type="stmt" count="3"/>
      <line num="118" type="stmt" count="2"/>
      <line num="119" type="stmt" count="2"/>
      <line num="126" type="stmt" count="3"/>
      <line num="133" type="method" name="setTotal" visibility="protected" complexity="3" crap="3" count="3"/>
      <line num="135" type="stmt" count="3"/>
      <line num="137" type="stmt" count="3"/>
      <line num="138" type="stmt" count="2"/>
      <line num="141" type="stmt" count="3"/>
      <line num="142" type="stmt" count="2"/>
      <line num="144" type="stmt" count="1"/>
      <line num="147" type="stmt" count="3"/>
      <line num="148" type="stmt" count="3"/>
      <line num="157" type="method" name="handleApply" visibility="protected" complexity="8" crap="8" count="3"/>
      <line num="160" type="stmt" count="3"/>
      <line num="161" type="stmt" count="3"/>
      <line num="164" type="stmt" count="3"/>
      <line num="165" type="stmt" count="3"/>
      <line num="166" type="stmt" count="3"/>
      <line num="169" type="stmt" count="3"/>
      <line num="170" type="stmt" count="1"/>
      <line num="171" type="stmt" count="1"/>
      <line num="172" type="stmt" count="1"/>
      <line num="176" type="stmt" count="3"/>
      <line num="177" type="stmt" count="3"/>
      <line num="182" type="stmt" count="3"/>
      <line num="184" type="stmt" count="3"/>
      <line num="185" type="stmt" count="1"/>
      <line num="188" type="stmt" count="3"/>
      <metrics loc="190" ncloc="134" classes="1" methods="8" coveredmethods="8" conditionals="0" coveredconditionals="0" statements="62" coveredstatements="62" elements="70" coveredelements="70"/>
    </file>
    <file name="C:\xampp-7.4\htdocs\edfa3ly\simple-invoicing-app\core\Sale\Tests\Feature\InvoiceTest.php">
      <class name="Core\Sale\Tests\Feature\InvoiceTest" namespace="global">
        <metrics complexity="5" methods="5" coveredmethods="5" conditionals="0" coveredconditionals="0" statements="32" coveredstatements="32" elements="37" coveredelements="37"/>
      </class>
      <line num="29" type="method" name="setUp" visibility="public" complexity="1" crap="1" count="4"/>
      <line num="31" type="stmt" count="4"/>
      <line num="33" type="stmt" count="4"/>
      <line num="34" type="stmt" count="4"/>
      <line num="35" type="stmt" count="4"/>
      <line num="37" type="method" name="testItShouldReturnInvoiceWithDiscounts" visibility="public" complexity="1" crap="1" count="1"/>
      <line num="41" type="stmt" count="1"/>
      <line num="49" type="stmt" count="1"/>
      <line num="65" type="stmt" count="1"/>
      <line num="66" type="stmt" count="1"/>
      <line num="67" type="stmt" count="1"/>
      <line num="68" type="stmt" count="1"/>
      <line num="70" type="method" name="testItShouldReturnInvoiceWithoutDiscounts" visibility="public" complexity="1" crap="1" count="1"/>
      <line num="74" type="stmt" count="1"/>
      <line num="78" type="stmt" count="1"/>
      <line num="89" type="stmt" count="1"/>
      <line num="90" type="stmt" count="1"/>
      <line num="91" type="stmt" count="1"/>
      <line num="92" type="stmt" count="1"/>
      <line num="94" type="method" name="testItShouldInvalidateNotExistProducts" visibility="public" complexity="1" crap="1" count="1"/>
      <line num="98" type="stmt" count="1"/>
      <line num="104" type="stmt" count="1"/>
      <line num="105" type="stmt" count="1"/>
      <line num="106" type="stmt" count="1"/>
      <line num="107" type="stmt" count="1"/>
      <line num="108" type="stmt" count="1"/>
      <line num="110" type="stmt" count="1"/>
      <line num="111" type="stmt" count="1"/>
      <line num="112" type="stmt" count="1"/>
      <line num="113" type="stmt" count="1"/>
      <line num="115" type="method" name="testItShouldReturnInvoiceWithDiscountsCapped" visibility="public" complexity="1" crap="1" count="1"/>
      <line num="119" type="stmt" count="1"/>
      <line num="123" type="stmt" count="1"/>
      <line num="137" type="stmt" count="1"/>
      <line num="138" type="stmt" count="1"/>
      <line num="139" type="stmt" count="1"/>
      <line num="140" type="stmt" count="1"/>
      <metrics loc="153" ncloc="127" classes="1" methods="5" coveredmethods="5" conditionals="0" coveredconditionals="0" statements="32" coveredstatements="32" elements="37" coveredelements="37"/>
    </file>
    <file name="C:\xampp-7.4\htdocs\edfa3ly\simple-invoicing-app\core\Sale\config\main.php">
      <line num="15" type="stmt" count="7"/>
      <metrics loc="194" ncloc="154" classes="0" methods="0" coveredmethods="0" conditionals="0" coveredconditionals="0" statements="1" coveredstatements="1" elements="1" coveredelements="1"/>
    </file>
    <metrics files="9" loc="687" ncloc="522" classes="6" methods="19" coveredmethods="18" conditionals="0" coveredconditionals="0" statements="120" coveredstatements="119" elements="139" coveredelements="137"/>
  </project>
</coverage>
